Name: Mohammad Saleh
ID: 20041111

Simulation of CPU scheduling using FIFO algorithm

Number of tasks :   30        Max IAT:  3         Max bt:   2         QT:       4         

Time                     Event                    RQ Size                  Task in CPU              Number of Finished Tasks 
0000000002               0                        1                        P0                       0         
0000000002               2                        0                        P0                       0         
0000000003               1                        0                        P0                       1         
0000000004               0                        1                        P3                       1         
0000000004               2                        0                        P3                       1         
0000000004               0                        1                        P2                       1         
0000000004               0                        2                        P1                       1         
0000000005               1                        2                        P3                       2         
0000000005               2                        1                        P2                       2         
0000000005               0                        2                        P4                       2         
0000000007               1                        2                        P2                       3         
0000000007               2                        1                        P1                       3         
0000000007               0                        2                        P5                       3         
0000000008               0                        3                        P7                       3         
0000000008               0                        4                        P6                       3         
0000000009               1                        4                        P1                       4         
0000000009               2                        3                        P4                       4         
0000000009               0                        4                        P8                       4         
0000000010               1                        4                        P4                       5         
0000000010               2                        3                        P5                       5         
0000000011               0                        4                        P9                       5         
0000000012               1                        4                        P5                       6         
0000000012               2                        3                        P7                       6         
0000000013               1                        3                        P7                       7         
0000000013               2                        2                        P6                       7         
0000000013               0                        3                        P10                      7         
0000000015               1                        3                        P6                       8         
0000000015               2                        2                        P8                       8         
0000000015               0                        3                        P11                      8         
0000000016               0                        4                        P12                      8         
0000000017               1                        4                        P8                       9         
0000000017               2                        3                        P9                       9         
0000000018               0                        4                        P13                      9         
0000000019               1                        4                        P9                       10        
0000000019               2                        3                        P10                      10        
0000000020               1                        3                        P10                      11        
0000000020               2                        2                        P11                      11        
0000000020               0                        3                        P14                      11        
0000000021               1                        3                        P11                      12        
0000000021               2                        2                        P12                      12        
0000000021               0                        3                        P17                      12        
0000000021               0                        4                        P16                      12        
0000000021               0                        5                        P15                      12        
0000000023               1                        5                        P12                      13        
0000000023               2                        4                        P13                      13        
0000000023               0                        5                        P18                      13        
0000000024               0                        6                        P21                      13        
0000000024               0                        7                        P20                      13        
0000000024               0                        8                        P19                      13        
0000000025               1                        8                        P13                      14        
0000000025               2                        7                        P14                      14        
0000000025               0                        8                        P22                      14        
0000000027               1                        8                        P14                      15        
0000000027               2                        7                        P17                      15        
0000000027               0                        8                        P23                      15        
0000000028               0                        9                        P24                      15        
0000000029               1                        9                        P17                      16        
0000000029               2                        8                        P16                      16        
0000000030               1                        8                        P16                      17        
0000000030               2                        7                        P15                      17        
0000000030               0                        8                        P25                      17        
0000000032               1                        8                        P15                      18        
0000000032               2                        7                        P18                      18        
0000000032               0                        8                        P26                      18        
0000000034               1                        8                        P18                      19        
0000000034               2                        7                        P21                      19        
0000000034               0                        8                        P27                      19        
0000000036               1                        8                        P21                      20        
0000000036               2                        7                        P20                      20        
0000000036               0                        8                        P28                      20        
0000000037               1                        8                        P20                      21        
0000000037               2                        7                        P19                      21        
0000000038               1                        7                        P19                      22        
0000000038               2                        6                        P22                      22        
0000000038               0                        7                        P29                      22        
0000000040               1                        7                        P22                      23        
0000000040               2                        6                        P23                      23        
0000000041               1                        6                        P23                      24        
0000000041               2                        5                        P24                      24        
0000000042               1                        5                        P24                      25        
0000000042               2                        4                        P25                      25        
0000000044               1                        4                        P25                      26        
0000000044               2                        3                        P26                      26        
0000000046               1                        3                        P26                      27        
0000000046               2                        2                        P27                      27        
0000000047               1                        2                        P27                      28        
0000000047               2                        1                        P28                      28        
0000000048               1                        1                        P28                      29        
0000000048               2                        0                        P29                      29        
0000000049               1                        0                        P29                      30        

Performance measures
Average delay time     :7.366667
Average response time   :7.366667
Average turarround time :8.900000
CPU utilization         :0.978723
Average burst time      :1.533333
Average max_iat         :1.266667
